<?xml version="1.0" encoding="UTF-8"?>
<!-- Generated by org.testng.reporters.JUnitReportReporter -->
<testsuite hostname="DESKTOP-7P20OSG" failures="0" tests="1" name="Lokesh.MobileTesting.ScrollDemo" time="33.464" errors="0" timestamp="2024-02-03T12:44:49 IST" skipped="0">
  <testcase classname="Lokesh.MobileTesting.ScrollDemo" name="scrollingDown" time="33.464"/>
</testsuite> <!-- Lokesh.MobileTesting.ScrollDemo -->
