<?xml version="1.0" encoding="UTF-8"?>
<!-- Generated by org.testng.reporters.JUnitReportReporter -->
<testsuite hostname="DESKTOP-7P20OSG" failures="0" tests="1" name="Lokesh.MobileTesting.Appium" time="13.557" errors="0" timestamp="2024-02-03T10:52:58 IST" skipped="0">
  <testcase classname="Lokesh.MobileTesting.Appium" name="AppiumWifiSetting" time="13.557"/>
</testsuite> <!-- Lokesh.MobileTesting.Appium -->
