<?xml version="1.0" encoding="UTF-8"?>
<!-- Generated by org.testng.reporters.JUnitReportReporter -->
<testsuite hostname="DESKTOP-7P20OSG" failures="0" tests="1" name="Lokesh.MobileTesting.LongPress" time="16.679" errors="0" timestamp="2024-02-03T11:58:25 IST" skipped="0">
  <testcase classname="Lokesh.MobileTesting.LongPress" name="pressLong" time="16.679"/>
</testsuite> <!-- Lokesh.MobileTesting.LongPress -->
