<?xml version="1.0" encoding="UTF-8"?>
<!-- Generated by org.testng.reporters.JUnitReportReporter -->
<testsuite hostname="DESKTOP-7P20OSG" failures="0" tests="1" name="Lokesh.MobileTesting.SwipeDemo" time="12.009" errors="0" timestamp="2024-02-03T14:40:47 IST" skipped="0">
  <testcase classname="Lokesh.MobileTesting.SwipeDemo" name="testSwipe" time="12.009"/>
</testsuite> <!-- Lokesh.MobileTesting.SwipeDemo -->
